<?xml version="1.0" encoding="UTF-8"?>
<testsuite xmlns:xsi="http://www.w3.org/2001/XMLSchema-instance" xsi:noNamespaceSchemaLocation="https://maven.apache.org/surefire/maven-surefire-plugin/xsd/surefire-test-report.xsd" name="order.GetOrdersListTest" time="2.575" tests="2" errors="0" skipped="0" failures="0">
  <properties>
[...]
</properties>
  <testcase name="canGetOrderTest" classname="order.GetOrdersListTest" time="2.574"/>
  <testcase name="canGetOrderWithWrongIdTest" classname="order.GetOrdersListTest" time="0.001"/>
</testsuite>